<?xml version="1.0" encoding="UTF-8"?>
<testng-results ignored="0" total="5" passed="4" failed="1" skipped="0">
  <reporter-output>
  </reporter-output>
  <suite started-at="2023-05-04T04:16:24 GMT-07:00" name="Suite" finished-at="2023-05-04T04:21:05 GMT-07:00" duration-ms="281696">
    <groups>
    </groups>
    <test started-at="2023-05-04T04:16:24 GMT-07:00" name="Test" finished-at="2023-05-04T04:21:05 GMT-07:00" duration-ms="281696">
      <class name="TestCases.VerifyHeader">
        <test-method is-config="true" signature="openurl()[pri:0, instance:TestCases.VerifyHeader@291ae]" started-at="2023-05-04T04:16:24 GMT-07:00" name="openurl" finished-at="2023-05-04T04:16:50 GMT-07:00" duration-ms="26093" status="PASS">
          <reporter-output>
          </reporter-output>
        </test-method> <!-- openurl -->
        <test-method signature="Header()[pri:0, instance:TestCases.VerifyHeader@291ae]" started-at="2023-05-04T04:16:50 GMT-07:00" name="Header" finished-at="2023-05-04T04:17:08 GMT-07:00" duration-ms="18070" status="PASS">
          <reporter-output>
          </reporter-output>
        </test-method> <!-- Header -->
      </class> <!-- TestCases.VerifyHeader -->
      <class name="TestCases.VerifyMenuBar">
        <test-method is-config="true" signature="openurl()[pri:0, instance:TestCases.VerifyMenuBar@323b36e0]" started-at="2023-05-04T04:17:08 GMT-07:00" name="openurl" finished-at="2023-05-04T04:17:48 GMT-07:00" duration-ms="40373" status="PASS">
          <reporter-output>
          </reporter-output>
        </test-method> <!-- openurl -->
        <test-method signature="MenuBar()[pri:0, instance:TestCases.VerifyMenuBar@323b36e0]" started-at="2023-05-04T04:17:48 GMT-07:00" name="MenuBar" finished-at="2023-05-04T04:17:55 GMT-07:00" duration-ms="6343" status="PASS">
          <reporter-output>
          </reporter-output>
        </test-method> <!-- MenuBar -->
      </class> <!-- TestCases.VerifyMenuBar -->
      <class name="TestCases.VerifyRegisterAndLogin">
        <test-method is-config="true" signature="openurl()[pri:0, instance:TestCases.VerifyRegisterAndLogin@694abbdc]" started-at="2023-05-04T04:19:17 GMT-07:00" name="openurl" finished-at="2023-05-04T04:20:37 GMT-07:00" duration-ms="79921" status="PASS">
          <reporter-output>
          </reporter-output>
        </test-method> <!-- openurl -->
        <test-method signature="Register()[pri:0, instance:TestCases.VerifyRegisterAndLogin@694abbdc]" started-at="2023-05-04T04:20:37 GMT-07:00" name="Register" finished-at="2023-05-04T04:20:42 GMT-07:00" duration-ms="5020" status="FAIL">
          <exception class="org.openqa.selenium.NoSuchElementException">
            <message>
              <![CDATA[no such element: Unable to locate element: {"method":"xpath","selector":"//a[contains(text(),'Continue')]"}
  (Session info: chrome=112.0.5615.138)
For documentation on this error, please visit: https://selenium.dev/exceptions/#no_such_element
Build info: version: '4.9.0', revision: 'd7057100a6'
System info: os.name: 'Windows 10', os.arch: 'amd64', os.version: '10.0', java.version: '17.0.6'
Driver info: org.openqa.selenium.chrome.ChromeDriver
Command: [776fd44a65ee0024eaba7a044ee40d65, findElement {using=xpath, value=//a[contains(text(),'Continue')]}]
Capabilities {acceptInsecureCerts: false, browserName: chrome, browserVersion: 112.0.5615.138, chrome: {chromedriverVersion: 112.0.5615.49 (bd2a7bcb881c..., userDataDir: C:\Users\kanha\AppData\Loca...}, goog:chromeOptions: {debuggerAddress: localhost:52090}, networkConnectionEnabled: false, pageLoadStrategy: normal, platformName: WINDOWS, proxy: Proxy(), se:cdp: ws://localhost:52090/devtoo..., se:cdpVersion: 112.0.5615.138, setWindowRect: true, strictFileInteractability: false, timeouts: {implicit: 0, pageLoad: 300000, script: 30000}, unhandledPromptBehavior: dismiss and notify, webauthn:extension:credBlob: true, webauthn:extension:largeBlob: true, webauthn:extension:minPinLength: true, webauthn:extension:prf: true, webauthn:virtualAuthenticators: true}
Session ID: 776fd44a65ee0024eaba7a044ee40d65]]>
            </message>
            <full-stacktrace>
              <![CDATA[org.openqa.selenium.NoSuchElementException: no such element: Unable to locate element: {"method":"xpath","selector":"//a[contains(text(),'Continue')]"}
  (Session info: chrome=112.0.5615.138)
For documentation on this error, please visit: https://selenium.dev/exceptions/#no_such_element
Build info: version: '4.9.0', revision: 'd7057100a6'
System info: os.name: 'Windows 10', os.arch: 'amd64', os.version: '10.0', java.version: '17.0.6'
Driver info: org.openqa.selenium.chrome.ChromeDriver
Command: [776fd44a65ee0024eaba7a044ee40d65, findElement {using=xpath, value=//a[contains(text(),'Continue')]}]
Capabilities {acceptInsecureCerts: false, browserName: chrome, browserVersion: 112.0.5615.138, chrome: {chromedriverVersion: 112.0.5615.49 (bd2a7bcb881c..., userDataDir: C:\Users\kanha\AppData\Loca...}, goog:chromeOptions: {debuggerAddress: localhost:52090}, networkConnectionEnabled: false, pageLoadStrategy: normal, platformName: WINDOWS, proxy: Proxy(), se:cdp: ws://localhost:52090/devtoo..., se:cdpVersion: 112.0.5615.138, setWindowRect: true, strictFileInteractability: false, timeouts: {implicit: 0, pageLoad: 300000, script: 30000}, unhandledPromptBehavior: dismiss and notify, webauthn:extension:credBlob: true, webauthn:extension:largeBlob: true, webauthn:extension:minPinLength: true, webauthn:extension:prf: true, webauthn:virtualAuthenticators: true}
Session ID: 776fd44a65ee0024eaba7a044ee40d65
at java.base/jdk.internal.reflect.NativeConstructorAccessorImpl.newInstance0(Native Method)
at java.base/jdk.internal.reflect.NativeConstructorAccessorImpl.newInstance(NativeConstructorAccessorImpl.java:77)
at java.base/jdk.internal.reflect.DelegatingConstructorAccessorImpl.newInstance(DelegatingConstructorAccessorImpl.java:45)
at java.base/java.lang.reflect.Constructor.newInstanceWithCaller(Constructor.java:499)
at java.base/java.lang.reflect.Constructor.newInstance(Constructor.java:480)
at org.openqa.selenium.remote.codec.w3c.W3CHttpResponseCodec.createException(W3CHttpResponseCodec.java:200)
at org.openqa.selenium.remote.codec.w3c.W3CHttpResponseCodec.decode(W3CHttpResponseCodec.java:133)
at org.openqa.selenium.remote.codec.w3c.W3CHttpResponseCodec.decode(W3CHttpResponseCodec.java:53)
at org.openqa.selenium.remote.HttpCommandExecutor.execute(HttpCommandExecutor.java:193)
at org.openqa.selenium.remote.service.DriverCommandExecutor.invokeExecute(DriverCommandExecutor.java:183)
at org.openqa.selenium.remote.service.DriverCommandExecutor.execute(DriverCommandExecutor.java:158)
at org.openqa.selenium.remote.RemoteWebDriver.execute(RemoteWebDriver.java:543)
at org.openqa.selenium.remote.ElementLocation$ElementFinder$2.findElement(ElementLocation.java:162)
at org.openqa.selenium.remote.ElementLocation.findElement(ElementLocation.java:60)
at org.openqa.selenium.remote.RemoteWebDriver.findElement(RemoteWebDriver.java:352)
at org.openqa.selenium.remote.RemoteWebDriver.findElement(RemoteWebDriver.java:344)
at PageObjectModel.RegisterAndLoginPageObject.Finalcntinue(RegisterAndLoginPageObject.java:59)
at TestCases.VerifyRegisterAndLogin.Register(VerifyRegisterAndLogin.java:26)
at java.base/jdk.internal.reflect.NativeMethodAccessorImpl.invoke0(Native Method)
at java.base/jdk.internal.reflect.NativeMethodAccessorImpl.invoke(NativeMethodAccessorImpl.java:77)
at java.base/jdk.internal.reflect.DelegatingMethodAccessorImpl.invoke(DelegatingMethodAccessorImpl.java:43)
at java.base/java.lang.reflect.Method.invoke(Method.java:568)
at org.testng.internal.MethodInvocationHelper.invokeMethod(MethodInvocationHelper.java:133)
at org.testng.internal.TestInvoker.invokeMethod(TestInvoker.java:598)
at org.testng.internal.TestInvoker.invokeTestMethod(TestInvoker.java:173)
at org.testng.internal.MethodRunner.runInSequence(MethodRunner.java:46)
at org.testng.internal.TestInvoker$MethodInvocationAgent.invoke(TestInvoker.java:824)
at org.testng.internal.TestInvoker.invokeTestMethods(TestInvoker.java:146)
at org.testng.internal.TestMethodWorker.invokeTestMethods(TestMethodWorker.java:146)
at org.testng.internal.TestMethodWorker.run(TestMethodWorker.java:128)
at java.base/java.util.ArrayList.forEach(ArrayList.java:1511)
at org.testng.TestRunner.privateRun(TestRunner.java:794)
at org.testng.TestRunner.run(TestRunner.java:596)
at org.testng.SuiteRunner.runTest(SuiteRunner.java:377)
at org.testng.SuiteRunner.runSequentially(SuiteRunner.java:371)
at org.testng.SuiteRunner.privateRun(SuiteRunner.java:332)
at org.testng.SuiteRunner.run(SuiteRunner.java:276)
at org.testng.SuiteRunnerWorker.runSuite(SuiteRunnerWorker.java:53)
at org.testng.SuiteRunnerWorker.run(SuiteRunnerWorker.java:96)
at org.testng.TestNG.runSuitesSequentially(TestNG.java:1212)
at org.testng.TestNG.runSuitesLocally(TestNG.java:1134)
at org.testng.TestNG.runSuites(TestNG.java:1063)
at org.testng.TestNG.run(TestNG.java:1031)
at org.testng.remote.AbstractRemoteTestNG.run(AbstractRemoteTestNG.java:115)
at org.testng.remote.RemoteTestNG.initAndRun(RemoteTestNG.java:251)
at org.testng.remote.RemoteTestNG.main(RemoteTestNG.java:77)
]]>
            </full-stacktrace>
          </exception> <!-- org.openqa.selenium.NoSuchElementException -->
          <reporter-output>
          </reporter-output>
        </test-method> <!-- Register -->
      </class> <!-- TestCases.VerifyRegisterAndLogin -->
      <class name="TestCases.VerifyAddProductInCart">
        <test-method is-config="true" signature="openurl()[pri:0, instance:TestCases.VerifyAddProductInCart@2e005c4b]" started-at="2023-05-04T04:20:42 GMT-07:00" name="openurl" finished-at="2023-05-04T04:20:59 GMT-07:00" duration-ms="16504" status="PASS">
          <reporter-output>
          </reporter-output>
        </test-method> <!-- openurl -->
        <test-method signature="addproduct()[pri:0, instance:TestCases.VerifyAddProductInCart@2e005c4b]" started-at="2023-05-04T04:20:59 GMT-07:00" name="addproduct" finished-at="2023-05-04T04:21:05 GMT-07:00" duration-ms="6493" status="PASS">
          <reporter-output>
          </reporter-output>
        </test-method> <!-- addproduct -->
      </class> <!-- TestCases.VerifyAddProductInCart -->
      <class name="TestCases.VerifyFooter">
        <test-method is-config="true" signature="openurl()[pri:0, instance:TestCases.VerifyFooter@44ebcd03]" started-at="2023-05-04T04:17:55 GMT-07:00" name="openurl" finished-at="2023-05-04T04:18:59 GMT-07:00" duration-ms="64175" status="PASS">
          <reporter-output>
          </reporter-output>
        </test-method> <!-- openurl -->
        <test-method signature="Footer()[pri:0, instance:TestCases.VerifyFooter@44ebcd03]" started-at="2023-05-04T04:18:59 GMT-07:00" name="Footer" finished-at="2023-05-04T04:19:17 GMT-07:00" duration-ms="18385" status="PASS">
          <reporter-output>
          </reporter-output>
        </test-method> <!-- Footer -->
      </class> <!-- TestCases.VerifyFooter -->
    </test> <!-- Test -->
  </suite> <!-- Suite -->
</testng-results>
